<?xml version="1.0" encoding="UTF-8"?>
<!-- Generated by org.testng.reporters.JUnitReportReporter -->
<testsuite hostname="LAPTOP-PON6RPV8" failures="0" tests="2" name="testPack.ActiTimeTestValidLogin" time="5.985" errors="0" timestamp="2023-02-01T22:33:08 IST" skipped="0">
  <testcase classname="testPack.ActiTimeTestValidLogin" name="method2" time="1.492"/>
  <system-out>
    <![CDATA[invalid login]]>
  </system-out>
  <testcase classname="testPack.ActiTimeTestValidLogin" name="method1" time="4.493"/>
  <system-out>
    <![CDATA[valid login]]>
  </system-out>
</testsuite> <!-- testPack.ActiTimeTestValidLogin -->
